0 info it worked if it ends with ok
1 verbose cli [ 'c:\\Program Files\\nodejs\\node.exe',
1 verbose cli   'c:\\Program Files\\nodejs\\node_modules\\npm\\bin\\npm-cli.js',
1 verbose cli   'run',
1 verbose cli   'jscs' ]
2 info using npm@1.4.28
3 info using node@v0.10.33
4 verbose run-script [ 'prejscs', 'jscs', 'postjscs' ]
5 info prejscs node-test@1.0.0
6 info jscs node-test@1.0.0
7 verbose unsafe-perm in lifecycle true
8 info node-test@1.0.0 Failed to exec jscs script
9 error node-test@1.0.0 jscs: `jscs index.js`
9 error Exit status 2
10 error Failed at the node-test@1.0.0 jscs script.
10 error This is most likely a problem with the node-test package,
10 error not with npm itself.
10 error Tell the author that this fails on your system:
10 error     jscs index.js
10 error You can get their info via:
10 error     npm owner ls node-test
10 error There is likely additional logging output above.
11 error System Windows_NT 6.1.7601
12 error command "c:\\Program Files\\nodejs\\node.exe" "c:\\Program Files\\nodejs\\node_modules\\npm\\bin\\npm-cli.js" "run" "jscs"
13 error cwd e:\kottans\node-app
14 error node -v v0.10.33
15 error npm -v 1.4.28
16 error code ELIFECYCLE
17 verbose exit [ 1, true ]
